<?xml version="1.0" encoding="UTF-8"?>
<!-- Generated by org.testng.reporters.JUnitXMLReporter -->
<testsuite ignored="1" hostname="kulkarni" failures="0" tests="4" name="Demo Test 1" time="48.542" errors="0" timestamp="2023-09-23T13:52:55 IST">
  <testcase classname="tests.Demo1Test" name="navigateToGitHubPage" time="9.958">
    <skipped/>
  </testcase> <!-- navigateToGitHubPage -->
  <testcase classname="tests.Demo1Test" name="navigateToTrelloPage" time="11.237">
    <skipped/>
  </testcase> <!-- navigateToTrelloPage -->
  <testcase classname="tests.Demo1Test" name="navigateToTrelloPage" time="7.229"/>
  <testcase classname="tests.Demo1Test" name="navigateToTrelloPage" time="9.165"/>
  <testcase classname="tests.Demo1Test" name="navigateCucumberWebSite" time="0.0">
    <ignored/>
  </testcase> <!-- navigateCucumberWebSite -->
</testsuite> <!-- Demo Test 1 -->
